This is XeTeX, Version 3.1415926-2.2-0.9997.4 (TeX Live 2010) (format=xelatex 2011.7.1)  14 JUL 2011 05:42
entering extended mode
 restricted \write18 enabled.
 %&-line parsing enabled.
**anafora.tex
(./anafora.tex
LaTeX2e <2009/09/24>
Babel <v3.8l> and hyphenation patterns for english, dumylang, nohyphenation, uk
english, usenglishmax, ancientgreek, ibycus, greek, monogreek, loaded.
(/usr/share/texmf-dist/tex/latex/base/article.cls
Document Class: article 2007/10/19 v1.4h Standard LaTeX document class
(/usr/share/texmf-dist/tex/latex/base/size10.clo
File: size10.clo 2007/10/19 v1.4h Standard LaTeX file (size option)
)
\c@part=\count80
\c@section=\count81
\c@subsection=\count82
\c@subsubsection=\count83
\c@paragraph=\count84
\c@subparagraph=\count85
\c@figure=\count86
\c@table=\count87
\abovecaptionskip=\skip41
\belowcaptionskip=\skip42
\bibindent=\dimen102
)
(/usr/share/texmf-dist/tex/latex/anysize/anysize.sty
Package: anysize 1994/08/13 setting margin sizes

document style option `anysize' loaded
Michael Salzenberg, Thomas Esser, Dirk Hillbrecht
Version 1.0, Aug 13, 1994
\@Leftmargin=\dimen103
\@Rightmargin=\dimen104
\@Topmargin=\dimen105
\@Bottommargin=\dimen106
) (/usr/share/texmf-dist/tex/xelatex/xunicode/xunicode.sty
File: xunicode.sty 2010/05/18 v0.95 provides access to latin accents and many o
ther characters in Unicode lower plane
)
(/usr/share/texmf-dist/tex/latex/xltxtra/xltxtra.sty
Package: xltxtra 2010/09/20 v0.5e Improvements for the "XeLaTeX" format

(/usr/share/texmf-dist/tex/generic/oberdiek/ifluatex.sty
Package: ifluatex 2010/03/01 v1.3 Provides the ifluatex switch (HO)
Package ifluatex Info: LuaTeX not detected.
)
(/usr/share/texmf-dist/tex/generic/ifxetex/ifxetex.sty
Package: ifxetex 2010/09/12 v0.6 Provides ifxetex conditional
)
(/usr/share/texmf-dist/tex/latex/fontspec/fontspec.sty
Package: fontspec 2010/09/29 v2.1b Advanced font selection for XeLaTeX/LuaLaTeX


(/usr/share/texmf-dist/tex/latex/expl3/expl3.sty
(/usr/share/texmf-dist/tex/latex/expl3/l3names.sty
Package: l3names 2010/09/26 v2048 L3 Experimental Naming Scheme for TeX Primiti
ves
)
Package: expl3 2010/09/16 v2022 L3 Experimental code bundle wrapper

(/usr/share/texmf-dist/tex/latex/etex-pkg/etex.sty
Package: etex 1998/03/26 v2.0 eTeX basic definition package (PEB)
\et@xins=\count88
)
(/usr/share/texmf-dist/tex/latex/expl3/l3basics.sty
Package: l3basics 2010/09/20 v2037 L3 Experimental basic definitions
)
(/usr/share/texmf-dist/tex/latex/expl3/l3expan.sty
Package: l3expan 2010/09/20 v2037 L3 Experimental Argument Expansion module
)
(/usr/share/texmf-dist/tex/latex/expl3/l3tl.sty
Package: l3tl 2010/09/21 v2040 L3 Experimental Token Lists
)
(/usr/share/texmf-dist/tex/latex/expl3/l3intexpr.sty
Package: l3intexpr 2010/09/22 v2045 L3 Integer Expressions
)
(/usr/share/texmf-dist/tex/latex/expl3/l3quark.sty
Package: l3quark 2010/09/20 v2036 L3 Experimental Quark Commands
)
(/usr/share/texmf-dist/tex/latex/expl3/l3seq.sty
Package: l3seq 2010/03/29 v1879 L3 Experimental sequences and stacks
)
(/usr/share/texmf-dist/tex/latex/expl3/l3toks.sty
Package: l3toks 2010/09/20 v2037 L3 Experimental Token Registers
\l_tmpb_toks=\toks14
\l_tmpc_toks=\toks15
\g_tmpa_toks=\toks16
\g_tmpb_toks=\toks17
\g_tmpc_toks=\toks18
\c_empty_toks=\toks19
\l_tl_replace_toks=\toks20
)
(/usr/share/texmf-dist/tex/latex/expl3/l3int.sty
Package: l3int 2010/09/19 v2029 L3 Experimental Integer module
\l_tmpa_int=\count89
\l_tmpb_int=\count90
\l_tmpc_int=\count91
\g_tmpa_int=\count92
\g_tmpb_int=\count93
\c_max_int=\count94
\g_tl_inline_level_int=\count95
)
(/usr/share/texmf-dist/tex/latex/expl3/l3prg.sty
Package: l3prg 2010/09/22 v2043 L3 Experimental control structures
\g_prg_inline_level_int=\count96
)
(/usr/share/texmf-dist/tex/latex/expl3/l3clist.sty
Package: l3clist 2010/09/20 v2037 L3 Experimental comma separated lists
\g_clist_map_inline_int=\count97
)
(/usr/share/texmf-dist/tex/latex/expl3/l3token.sty
Package: l3token 2010/09/19 v2029 L3 Experimental token investigation and manip
ulation
)
(/usr/share/texmf-dist/tex/latex/expl3/l3prop.sty
Package: l3prop 2010/03/21 v1857 L3 Experimental Property Lists
\g_prop_inline_level_int=\count98
)
(/usr/share/texmf-dist/tex/latex/expl3/l3msg.sty
Package: l3msg 2010/03/23 v1866 L3 Experimental LaTeX Messages module
\l_msg_redirect_classes_prop=\toks21
\l_msg_redirect_names_prop=\toks22
\l_msg_redirect_fatal_prop=\toks23
\l_msg_redirect_error_prop=\toks24
\l_msg_redirect_warning_prop=\toks25
\l_msg_redirect_info_prop=\toks26
\l_msg_redirect_log_prop=\toks27
\l_msg_redirect_trace_prop=\toks28
\l_msg_redirect_none_prop=\toks29
)
(/usr/share/texmf-dist/tex/latex/expl3/l3io.sty
Package: l3io 2010/05/22 v1923 L3 Experimental i/o module
\g_iow_streams_prop=\toks30
\g_ior_streams_prop=\toks31
\l_iow_stream_int=\count99
)
(/usr/share/texmf-dist/tex/latex/expl3/l3skip.sty
Package: l3skip 2010/09/23 v2047 L3 Experimental skip registers
\l_tmpa_skip=\skip43
\l_tmpb_skip=\skip44
\l_tmpc_skip=\skip45
\g_tmpa_skip=\skip46
\g_tmpb_skip=\skip47
\l_tmpa_dim=\dimen107
\l_tmpb_dim=\dimen108
\l_tmpc_dim=\dimen109
\l_tmpd_dim=\dimen110
\g_tmpa_dim=\dimen111
\g_tmpb_dim=\dimen112
)
(/usr/share/texmf-dist/tex/latex/expl3/l3box.sty
Package: l3box 2010/09/26 v2048 L3 Experimental Box module
\l_tmpb_box=\box26
)
(/usr/share/texmf-dist/tex/latex/expl3/l3keyval.sty
Package: l3keyval 2010/04/11 v1890 L3 Experimental keyval processing
\l_KV_level_int=\count100
)
(/usr/share/texmf-dist/tex/latex/expl3/l3keys.sty
Package: l3keys 2010/05/24 v1931 L3 Experimental key-value support
\l_keys_choice_int=\count101
)
(/usr/share/texmf-dist/tex/latex/expl3/l3precom.sty
Package: l3precom 2010/02/09 v1793 L3 Experimental precompilation module
\g_gen_sym_int=\count102
\g_ggen_sym_int=\count103
)
(/usr/share/texmf-dist/tex/latex/expl3/l3xref.sty
Package: l3xref 2010/02/09 v1786 L3 Experimental cross referencing
\g_xref_all_curr_immediate_fields_prop=\toks32
\g_xref_all_curr_deferred_fields_prop=\toks33
)
(/usr/share/texmf-dist/tex/latex/expl3/l3file.sty
Package: l3file 2010/03/21 v1853 L3 Experimental file loading
)
(/usr/share/texmf-dist/tex/latex/expl3/l3fp.sty
Package: l3fp 2010/09/19 v2029 L3 Experimental floating-point operations
\c_forty_four=\count104
\c_one_hundred=\count105
\c_one_thousand=\count106
\c_one_million=\count107
\c_one_hundred_million=\count108
\c_five_hundred_million=\count109
\c_one_thousand_million=\count110
\c_fp_pi_by_four_decimal_int=\count111
\c_fp_pi_by_four_extended_int=\count112
\c_fp_pi_decimal_int=\count113
\c_fp_pi_extended_int=\count114
\c_fp_two_pi_decimal_int=\count115
\c_fp_two_pi_extended_int=\count116
\l_fp_count_int=\count117
\l_fp_div_offset_int=\count118
\l_fp_input_a_sign_int=\count119
\l_fp_input_a_integer_int=\count120
\l_fp_input_a_decimal_int=\count121
\l_fp_input_a_exponent_int=\count122
\l_fp_input_b_sign_int=\count123
\l_fp_input_b_integer_int=\count124
\l_fp_input_b_decimal_int=\count125
\l_fp_input_b_exponent_int=\count126
\l_fp_input_a_extended_int=\count127
\l_fp_input_b_extended_int=\count128
\l_fp_mul_a_i_int=\count129
\l_fp_mul_a_ii_int=\count130
\l_fp_mul_a_iii_int=\count131
\l_fp_mul_a_iv_int=\count132
\l_fp_mul_a_v_int=\count133
\l_fp_mul_a_vi_int=\count134
\l_fp_mul_b_i_int=\count135
\l_fp_mul_b_ii_int=\count136
\l_fp_mul_b_iii_int=\count137
\l_fp_mul_b_iv_int=\count138
\l_fp_mul_b_v_int=\count139
\l_fp_mul_b_vi_int=\count140
\l_fp_mul_output_int=\count141
\l_fp_output_sign_int=\count142
\l_fp_output_integer_int=\count143
\l_fp_output_decimal_int=\count144
\l_fp_output_exponent_int=\count145
\l_fp_output_extended_int=\count146
\l_fp_round_position_int=\count147
\l_fp_round_target_int=\count148
\l_fp_split_sign_int=\count149
\l_fp_tmp_int=\count150
\l_fp_trig_octant_int=\count151
\l_fp_trig_sign_int=\count152
\l_fp_trig_decimal_int=\count153
\l_fp_trig_extended_int=\count154
\l_fp_tmp_dim=\dimen113
\l_fp_tmp_skip=\skip48
)
(/usr/share/texmf-dist/tex/latex/expl3/l3luatex.sty
Package: l3luatex 2010/07/18 v1985 L3 Experimental LuaTeX functions
\g_cctab_allocate_int=\count155
\g_cctab_stack_int=\count156
)
(/usr/share/texmf-dist/tex/latex/tools/calc.sty
Package: calc 2007/08/22 v4.3 Infix arithmetic (KKT,FJ)
\calc@Acount=\count157
\calc@Bcount=\count158
\calc@Adimen=\dimen114
\calc@Bdimen=\dimen115
\calc@Askip=\skip49
\calc@Bskip=\skip50
LaTeX Info: Redefining \setlength on input line 76.
LaTeX Info: Redefining \addtolength on input line 77.
\calc@Ccount=\count159
\calc@Cskip=\skip51
))
(/usr/share/texmf-dist/tex/latex/xpackages/xbase/xparse.sty
Package: xparse 2010/09/20 v2037 Generic document command parser
\c_xparse_shorthands_prop=\toks34
\l_xparse_m_args_int=\count160
\l_xparse_mandatory_args_int=\count161
\l_xparse_processor_int=\count162
\l_xparse_total_args_int=\count163
)
(/usr/share/texmf-dist/tex/generic/kastrup/binhex.tex)
\l_fontspec_script_int=\count164
\l_fontspec_language_int=\count165
\l_fontspec_strnum_int=\count166
Variant \tl_gset:cV already defined; not changing it on line 79

(/usr/share/texmf-dist/tex/latex/xkeyval/xkeyval.sty
Package: xkeyval 2008/08/13 v2.6a package option processing (HA)

(/usr/share/texmf-dist/tex/generic/xkeyval/xkeyval.tex
\XKV@toks=\toks35
\XKV@tempa@toks=\toks36
\XKV@depth=\count167
File: xkeyval.tex 2008/08/13 v2.6a key=value parser (HA)

(/usr/share/texmf-dist/tex/generic/xkeyval/keyval.tex)))
(/usr/share/texmf-dist/tex/latex/fontspec/fontspec-patches.sty
Package: fontspec-patches 2010/09/29 v2.1b Advanced font selection for XeLaTeX/
LuaLaTeX

(/usr/share/texmf-dist/tex/latex/base/fixltx2e.sty
Package: fixltx2e 2006/09/13 v1.1m fixes to LaTeX
LaTeX Info: Redefining \em on input line 420.
)
LaTeX Info: Redefining \em on input line 22.
LaTeX Info: Redefining \emph on input line 29.
LaTeX Info: Redefining \- on input line 32.
)
(/usr/share/texmf-dist/tex/latex/base/fontenc.sty
Package: fontenc 2005/09/27 v1.99g Standard LaTeX package

(/usr/share/texmf-dist/tex/latex/euenc/eu1enc.def
File: eu1enc.def 2010/05/27 v0.1h Experimental Unicode font encodings
)
LaTeX Font Info:    Try loading font information for EU1+lmr on input line 100.


(/usr/share/texmf-dist/tex/latex/euenc/eu1lmr.fd
File: eu1lmr.fd 2009/10/30 v1.6 Font defs for Latin Modern
))
 LaTeX Info: Defining document command \fontspec
(LaTeX)  with arg. spec. 'O{}m' on line 315.

 LaTeX Info: Defining document command \setmainfont
(LaTeX)  with arg. spec. 'O{}m' on line 319.

 LaTeX Info: Defining document command \setsansfont
(LaTeX)  with arg. spec. 'O{}m' on line 323.

 LaTeX Info: Defining document command \setmonofont
(LaTeX)  with arg. spec. 'O{}m' on line 327.

 LaTeX Info: Defining document command \setmathrm
(LaTeX)  with arg. spec. 'O{}m' on line 331.

 LaTeX Info: Defining document command \setboldmathrm
(LaTeX)  with arg. spec. 'O{}m' on line 334.

 LaTeX Info: Defining document command \setmathsf
(LaTeX)  with arg. spec. 'O{}m' on line 337.

 LaTeX Info: Defining document command \setmathtt
(LaTeX)  with arg. spec. 'O{}m' on line 340.

 LaTeX Info: Defining document command \newfontfamily
(LaTeX)  with arg. spec. 'mO{}m' on line 356.

 LaTeX Info: Defining document command \newfontface
(LaTeX)  with arg. spec. 'mO{}m' on line 359.

 LaTeX Info: Defining document command \defaultfontfeatures
(LaTeX)  with arg. spec. 'm' on line 362.

 LaTeX Info: Defining document command \addfontfeatures
(LaTeX)  with arg. spec. 'm' on line 379.

 LaTeX Info: Defining document command \newfontfeature
(LaTeX)  with arg. spec. 'mm' on line 386.

 LaTeX Info: Defining document command \newAATfeature
(LaTeX)  with arg. spec. 'mmmm' on line 395.

 LaTeX Info: Defining document command \newICUfeature
(LaTeX)  with arg. spec. 'mmm' on line 404.

 LaTeX Info: Defining document command \aliasfontfeature
(LaTeX)  with arg. spec. 'mm' on line 406.

 LaTeX Info: Defining document command \aliasfontfeatureoption
(LaTeX)  with arg. spec. 'mmm' on line 409.

 LaTeX Info: Defining document command \newfontscript
(LaTeX)  with arg. spec. 'mm' on line 414.

 LaTeX Info: Defining document command \newfontlanguage
(LaTeX)  with arg. spec. 'mm' on line 432.

 LaTeX Info: Defining document command \DeclareFontsExtensions
(LaTeX)  with arg. spec. 'm' on line 449.

\c@fontspec_tmp_int=\count168
LaTeX Info: Redefining \itshape on input line 2016.
LaTeX Info: Redefining \slshape on input line 2020.
LaTeX Info: Redefining \scshape on input line 2024.
LaTeX Info: Redefining \upshape on input line 2028.

(/usr/share/texmf-dist/tex/latex/fontspec/fontspec.cfg))
(/usr/share/texmf-dist/tex/latex/realscripts/realscripts.sty
Package: realscripts 2010/09/30 v0.3 Access OpenType subscripts and superscript
s
 LaTeX Info: Defining document command \fakesubscript
(LaTeX)  with arg. spec. 'm' on line 19.

 LaTeX Info: Defining document command \fakesuperscript
(LaTeX)  with arg. spec. 'm' on line 22.

 LaTeX Info: Redefining document command \textsubscript
(LaTeX)  with arg. spec. 's' on line 25.

 LaTeX Info: Redefining document command \textsuperscript
(LaTeX)  with arg. spec. 's' on line 28.

 LaTeX Info: Defining document command \realsubscript
(LaTeX)  with arg. spec. 'm' on line 45.

 LaTeX Info: Defining document command \realsuperscript
(LaTeX)  with arg. spec. 'm' on line 60.

 LaTeX Info: Defining document command \textsubsuperscript
(LaTeX)  with arg. spec. 'sO{l}mm' on line 137.

 LaTeX Info: Defining document command \textsupersubscript
(LaTeX)  with arg. spec. 'sO{l}mm' on line 140.

\subsupersep=\dimen116
)
(/usr/share/texmf-dist/tex/latex/metalogo/metalogo.sty
Package: metalogo 2010/05/29 v0.12 Extended TeX logo macros

(/usr/share/texmf-dist/tex/latex/graphics/graphicx.sty
Package: graphicx 1999/02/16 v1.0f Enhanced LaTeX Graphics (DPC,SPQR)

(/usr/share/texmf-dist/tex/latex/graphics/graphics.sty
Package: graphics 2009/02/05 v1.0o Standard LaTeX Graphics (DPC,SPQR)

(/usr/share/texmf-dist/tex/latex/graphics/trig.sty
Package: trig 1999/03/16 v1.09 sin cos tan (DPC)
)
(/usr/share/texmf-dist/tex/latex/latexconfig/graphics.cfg
File: graphics.cfg 2010/04/23 v1.9 graphics configuration of TeX Live
)
Package graphics Info: Driver file: xetex.def on input line 91.

(/usr/share/texmf-dist/tex/xelatex/xetex-def/xetex.def
File: xetex.def 2009/11/22 v0.94 LaTeX color/graphics driver for XeTeX (RRM/JK)

))
\Gin@req@height=\dimen117
\Gin@req@width=\dimen118
)
\xl@everylogo=\toks37
\xl@@everylogo=\toks38
LaTeX Info: Redefining \TeX on input line 193.
LaTeX Info: Redefining \LaTeX on input line 202.
LaTeX Info: Redefining \LaTeXe on input line 219.
)
\xxt@tempbox=\box27
)
(/usr/share/texmf-dist/tex/latex/graphics/color.sty
Package: color 2005/11/14 v1.0j Standard LaTeX Color (DPC)

(/usr/share/texmf-dist/tex/latex/latexconfig/color.cfg
File: color.cfg 2007/01/18 v1.5 color configuration of teTeX/TeXLive
)
Package color Info: Driver file: xetex.def on input line 130.
)
(/usr/share/texmf-dist/tex/latex/base/fontenc.sty
Package: fontenc 2005/09/27 v1.99g Standard LaTeX package

(/usr/share/texmf-dist/tex/latex/euenc/eu1enc.def
File: eu1enc.def 2010/05/27 v0.1h Experimental Unicode font encodings
LaTeX Font Info:    Redeclaring font encoding EU1 on input line 17.
))
(/usr/share/texmf-dist/tex/xelatex/xgreek/xgreek.sty
File: xgreek.sty 2009/11/23 v2.1 Package `xgreek.sty'

Package `xgreek' version 2.1 by Apostolos Syropoulos
\@attic@num=\count169
)
(/usr/share/texmf-dist/tex/latex/fancyvrb/fancyvrb.sty
Package: fancyvrb 2008/02/07

Style option: `fancyvrb' v2.7a, with DG/SPQR fixes, and firstline=lastline fix 
<2008/02/07> (tvz)
\FV@CodeLineNo=\count170
\FV@InFile=\read1
\FV@TabBox=\box28
\c@FancyVerbLine=\count171
\FV@StepNumber=\count172
\FV@OutFile=\write3
) (/usr/share/texmf-dist/tex/latex/enumitem/enumitem.sty
Package: enumitem 2009/05/18 v2.2 Customized lists
\enit@toks=\toks39
\labelindent=\skip52
\enit@outerparindent=\dimen119
\enitdp@desc=\count173
)
(/usr/share/texmf-dist/tex/latex/framed/framed.sty
Package: framed 2007/10/04 v 0.95: framed or shaded text with page breaks
\fb@frw=\dimen120
\fb@frh=\dimen121
\FrameRule=\dimen122
\FrameSep=\dimen123
)
(/usr/share/texmf-dist/tex/latex/relsize/relsize.sty
Package: relsize 2003/07/04 ver 3.1
)
(/usr/share/texmf-dist/tex/latex/float/float.sty
Package: float 2001/11/08 v1.3d Float enhancements (AL)
\c@float@type=\count174
\float@exts=\toks40
\float@box=\box29
\@float@everytoks=\toks41
\@floatcapt=\box30
)
 fontspec Info: Font Times New Roman does not contain any OpenType `Script' inf
ormation.

\g_fontspec_family_Times New Roman_int=\count175
 fontspec Info: Defining font family for 'Times New Roman' with options [Mappin
g=TeX-text].

 fontspec Info: Defining shape 'normal' with NFSS specification:
(fontspec)  <->"Times New Roman/ICU:mapping=TeX-text;"

 fontspec Info: Defining shape 'bold' with NFSS specification:
(fontspec)  <->"Times New Roman/B/ICU:mapping=TeX-text;"

 fontspec Info: Defining shape 'italic' with NFSS specification:
(fontspec)  <->"Times New Roman/I/ICU:mapping=TeX-text;"

 fontspec Info: Defining shape 'bold italic' with NFSS specification:
(fontspec)  <->"Times New Roman/BI/ICU:mapping=TeX-text;"

Font mapping `TeX-text.tec' for font `Times New Roman' not found.
 (./anafora.aux
(./title/title.aux))
\openout1 = `anafora.aux'.

LaTeX Font Info:    Checking defaults for OML/cmm/m/it on input line 18.
LaTeX Font Info:    ... okay on input line 18.
LaTeX Font Info:    Checking defaults for T1/cmr/m/n on input line 18.
LaTeX Font Info:    ... okay on input line 18.
LaTeX Font Info:    Checking defaults for OT1/cmr/m/n on input line 18.
LaTeX Font Info:    ... okay on input line 18.
LaTeX Font Info:    Checking defaults for OMS/cmsy/m/n on input line 18.
LaTeX Font Info:    ... okay on input line 18.
LaTeX Font Info:    Checking defaults for OMX/cmex/m/n on input line 18.
LaTeX Font Info:    ... okay on input line 18.
LaTeX Font Info:    Checking defaults for U/cmr/m/n on input line 18.
LaTeX Font Info:    ... okay on input line 18.
LaTeX Font Info:    Checking defaults for EU1/lmr/m/n on input line 18.
LaTeX Font Info:    ... okay on input line 18.
 fontspec Info: Adjusting the maths setup (use [no-math] to avoid this).

\symlegacymaths=\mathgroup4
LaTeX Font Info:    Overwriting symbol font `legacymaths' in version `bold'
(Font)                  OT1/cmr/m/n --> OT1/cmr/bx/n on input line 18.
LaTeX Font Info:    Redeclaring math accent \acute on input line 18.
LaTeX Font Info:    Redeclaring math accent \grave on input line 18.
LaTeX Font Info:    Redeclaring math accent \ddot on input line 18.
LaTeX Font Info:    Redeclaring math accent \tilde on input line 18.
LaTeX Font Info:    Redeclaring math accent \bar on input line 18.
LaTeX Font Info:    Redeclaring math accent \breve on input line 18.
LaTeX Font Info:    Redeclaring math accent \check on input line 18.
LaTeX Font Info:    Redeclaring math accent \hat on input line 18.
LaTeX Font Info:    Redeclaring math accent \dot on input line 18.
LaTeX Font Info:    Redeclaring math accent \mathring on input line 18.
LaTeX Font Info:    Redeclaring math symbol \colon on input line 18.
LaTeX Font Info:    Redeclaring math symbol \Gamma on input line 18.
LaTeX Font Info:    Redeclaring math symbol \Delta on input line 18.
LaTeX Font Info:    Redeclaring math symbol \Theta on input line 18.
LaTeX Font Info:    Redeclaring math symbol \Lambda on input line 18.
LaTeX Font Info:    Redeclaring math symbol \Xi on input line 18.
LaTeX Font Info:    Redeclaring math symbol \Pi on input line 18.
LaTeX Font Info:    Redeclaring math symbol \Sigma on input line 18.
LaTeX Font Info:    Redeclaring math symbol \Upsilon on input line 18.
LaTeX Font Info:    Redeclaring math symbol \Phi on input line 18.
LaTeX Font Info:    Redeclaring math symbol \Psi on input line 18.
LaTeX Font Info:    Redeclaring math symbol \Omega on input line 18.
LaTeX Font Info:    Redeclaring math symbol \mathdollar on input line 18.
LaTeX Font Info:    Redeclaring symbol font `operators' on input line 18.
LaTeX Font Info:    Encoding `OT1' has changed to `EU1' for symbol font
(Font)              `operators' in the math version `normal' on input line 18.
LaTeX Font Info:    Overwriting symbol font `operators' in version `normal'
(Font)                  OT1/cmr/m/n --> EU1/TimesNewRoman(0)/m/n on input line 
18.
LaTeX Font Info:    Encoding `OT1' has changed to `EU1' for symbol font
(Font)              `operators' in the math version `bold' on input line 18.
LaTeX Font Info:    Overwriting symbol font `operators' in version `bold'
(Font)                  OT1/cmr/bx/n --> EU1/TimesNewRoman(0)/m/n on input line
 18.
LaTeX Font Info:    Overwriting symbol font `operators' in version `normal'
(Font)                  EU1/TimesNewRoman(0)/m/n --> EU1/TimesNewRoman(0)/m/n o
n input line 18.
LaTeX Font Info:    Overwriting math alphabet `\mathrm' in version `normal'
(Font)                  EU1/TimesNewRoman(0)/m/n --> EU1/TimesNewRoman(0)/m/n o
n input line 18.
LaTeX Font Info:    Overwriting math alphabet `\mathit' in version `normal'
(Font)                  OT1/cmr/m/it --> EU1/TimesNewRoman(0)/m/it on input lin
e 18.
LaTeX Font Info:    Overwriting math alphabet `\mathbf' in version `normal'
(Font)                  OT1/cmr/bx/n --> EU1/TimesNewRoman(0)/bx/n on input lin
e 18.
LaTeX Font Info:    Overwriting math alphabet `\mathsf' in version `normal'
(Font)                  OT1/cmss/m/n --> EU1/lmss/m/n on input line 18.
LaTeX Font Info:    Overwriting math alphabet `\mathtt' in version `normal'
(Font)                  OT1/cmtt/m/n --> EU1/lmtt/m/n on input line 18.
LaTeX Font Info:    Overwriting symbol font `operators' in version `bold'
(Font)                  EU1/TimesNewRoman(0)/m/n --> EU1/TimesNewRoman(0)/bx/n 
on input line 18.
LaTeX Font Info:    Overwriting math alphabet `\mathrm' in version `bold'
(Font)                  EU1/TimesNewRoman(0)/m/n --> EU1/TimesNewRoman(0)/bx/n 
on input line 18.
LaTeX Font Info:    Overwriting math alphabet `\mathit' in version `bold'
(Font)                  OT1/cmr/bx/it --> EU1/TimesNewRoman(0)/bx/it on input l
ine 18.
LaTeX Font Info:    Overwriting math alphabet `\mathsf' in version `bold'
(Font)                  OT1/cmss/bx/n --> EU1/lmss/bx/n on input line 18.
LaTeX Font Info:    Overwriting math alphabet `\mathtt' in version `bold'
(Font)                  OT1/cmtt/m/n --> EU1/lmtt/bx/n on input line 18.
\openout2 = `title/title.aux'.

 (./title/title.tex
File: title/ntua_logo.eps Graphic file (type eps)
 <title/ntua_logo.eps>
Font mapping `TeX-text.tec' for font `Times New Roman' not found.
Font mapping `TeX-text.tec' for font `Times New Roman Bold' not found.
Font mapping `TeX-text.tec' for font `Times New Roman' not found.
Font mapping `TeX-text.tec' for font `Times New Roman' not found.
Font mapping `TeX-text.tec' for font `Times New Roman' not found.
LaTeX Font Info:    External font `cmex10' loaded for size
(Font)              <7> on input line 16.
LaTeX Font Info:    External font `cmex10' loaded for size
(Font)              <5> on input line 16.
Font mapping `TeX-text.tec' for font `Times New Roman' not found.
 [1


])
Font mapping `TeX-text.tec' for font `Times New Roman Bold' not found.
LaTeX Font Info:    External font `cmex10' loaded for size
(Font)              <14.4> on input line 23.
Font mapping `TeX-text.tec' for font `Times New Roman Bold' not found.
File: files/01-Autosusxetish.jpg Graphic file (type QTm)

<use  "files/01-Autosusxetish.jpg" >
File: files/02-DTFT_256_Samples.jpg Graphic file (type QTm)
 <use  "files/02-DTFT_256_Samples.jpg" >
[1

]
File: files/03-DTFT_256_Samples.jpg Graphic file (type QTm)
 <use  "files/03-DTFT_256_Samples.jpg" > [2]
File: files/04-DTFT_512_Samples.jpg Graphic file (type QTm)

<use  "files/04-DTFT_512_Samples.jpg" > [3]
File: files/05-DTFT_1024_Samples.jpg Graphic file (type QTm)

<use  "files/05-DTFT_1024_Samples.jpg" > [4] [5]
File: files/11-Autosusxetish-Hamming.jpg Graphic file (type QTm)

<use  "files/11-Autosusxetish-Hamming.jpg" >
File: files/12-DTFT_256_Samples-Hamming.jpg Graphic file (type QTm)

<use  "files/12-DTFT_256_Samples-Hamming.jpg" >
File: files/13-DTFT_256_Samples-Hamming.jpg Graphic file (type QTm)

<use  "files/13-DTFT_256_Samples-Hamming.jpg" > [6] [7]
File: files/14-DTFT_512_Samples-Hamming.jpg Graphic file (type QTm)

<use  "files/14-DTFT_512_Samples-Hamming.jpg" > [8]
File: files/15-DTFT_1024_Samples-Hamming.jpg Graphic file (type QTm)

<use  "files/15-DTFT_1024_Samples-Hamming.jpg" > [9] [10]
File: files/21-Z-PLANE.jpg Graphic file (type QTm)

<use  "files/21-Z-PLANE.jpg" >
File: files/21-kroustikh_apokrish.jpg Graphic file (type QTm)
 <use  "files/21-kroustikh_apokrish.jpg" >
[11]
File: files/22-bhmatikh_apokrish.jpg Graphic file (type QTm)
 <use  "files/22-bhmatikh_apokrish.jpg" > [12]
File: files/23-apokrish_platous.jpg Graphic file (type QTm)

<use  "files/23-apokrish_platous.jpg" > [13]
File: files/24-diegersh_me_tuxaio_shma.jpg Graphic file (type QTm)

<use  "files/24-diegersh_me_tuxaio_shma.jpg" > [14]
File: files/25-diegersh_me_palmoseira.jpg Graphic file (type QTm)

<use  "files/25-diegersh_me_palmoseira.jpg" > [15]
File: files/26-metakinoumenoi_poloi.jpg Graphic file (type QTm)

<use  "files/26-metakinoumenoi_poloi.jpg" > [16]
File: files/26-metakinoumenoi_poloi_last_frame.jpg Graphic file (type QTm)

<use  "files/26-metakinoumenoi_poloi_last_frame.jpg" > [17] [18] (./anafora.aux
(./title/title.aux)) ) 
Here is how much of TeX's memory you used:
 11244 strings out of 495654
 191563 string characters out of 3187329
 263731 words of memory out of 3000000
 14225 multiletter control sequences out of 15000+200000
 4673 words of font info for 32 fonts, out of 3000000 for 9000
 36 hyphenation exceptions out of 8191
 44i,8n,49p,540b,383s stack positions out of 5000i,500n,10000p,200000b,50000s

Output written on anafora.pdf (19 pages).
